<?xml version="1.0" encoding="UTF-8"?>
<!-- Generated by org.testng.reporters.JUnitXMLReporter -->
<testsuite hostname="DESKTOP-8G3MUB9" ignored="0" name="Default test" tests="1" failures="1" timestamp="2021-08-04T14:38:51 IST" time="1.448" errors="0">
  <testcase name="runScenario" time="0.337" classname="io.cucumber.testng.AbstractTestNGCucumberTests">
    <failure type="java.lang.NullPointerException">
      <![CDATA[java.lang.NullPointerException
at Pages.Siginp.sigIn(Siginp.java:23)
at Testsuit.Siginstepdef1.enter_userid_password_and_login(Siginstepdef1.java:20)
at ✽.Enter userid password and login(file:///C:/Users/prane/git/salesforce/Saleforce/src/test/java/Testsuit/Sigin.feature:8)
]]>
    </failure>
  </testcase> <!-- runScenario -->
</testsuite> <!-- Default test -->
