<?xml version="1.0" encoding="UTF-8"?>
<testng-results skipped="0" failed="0" ignored="0" total="17" passed="17">
  <reporter-output>
  </reporter-output>
  <suite name="Suite" duration-ms="547509" started-at="2021-08-05T08:30:52 IST" finished-at="2021-08-05T08:39:59 IST">
    <groups>
      <group name="cucumber">
        <method signature="AbstractTestNGCucumberTests.runScenario(io.cucumber.testng.PickleWrapper,io.cucumber.testng.FeatureWrapper)[pri:0, instance:Testsuit.LoginTest@77a57272]" name="runScenario" class="io.cucumber.testng.AbstractTestNGCucumberTests"/>
        <method signature="AbstractTestNGCucumberTests.runScenario(io.cucumber.testng.PickleWrapper,io.cucumber.testng.FeatureWrapper)[pri:0, instance:Testsuit.dropdowntest@32464a14]" name="runScenario" class="io.cucumber.testng.AbstractTestNGCucumberTests"/>
        <method signature="AbstractTestNGCucumberTests.runScenario(io.cucumber.testng.PickleWrapper,io.cucumber.testng.FeatureWrapper)[pri:0, instance:Testsuit.importest@6e2c9341]" name="runScenario" class="io.cucumber.testng.AbstractTestNGCucumberTests"/>
        <method signature="AbstractTestNGCucumberTests.runScenario(io.cucumber.testng.PickleWrapper,io.cucumber.testng.FeatureWrapper)[pri:0, instance:Testsuit.leadTest@7181ae3f]" name="runScenario" class="io.cucumber.testng.AbstractTestNGCucumberTests"/>
        <method signature="AbstractTestNGCucumberTests.runScenario(io.cucumber.testng.PickleWrapper,io.cucumber.testng.FeatureWrapper)[pri:0, instance:Testsuit.webtoleadformtest@4e4aea35]" name="runScenario" class="io.cucumber.testng.AbstractTestNGCucumberTests"/>
        <method signature="AbstractTestNGCucumberTests.runScenario(io.cucumber.testng.PickleWrapper,io.cucumber.testng.FeatureWrapper)[pri:0, instance:Testsuit.webtoleadtest@46238e3f]" name="runScenario" class="io.cucumber.testng.AbstractTestNGCucumberTests"/>
      </group> <!-- cucumber -->
    </groups>
    <test name="Test" duration-ms="547509" started-at="2021-08-05T08:30:52 IST" finished-at="2021-08-05T08:39:59 IST">
      <class name="Testsuit.dropdowntest">
        <test-method status="PASS" signature="setUpClass()[pri:0, instance:Testsuit.dropdowntest@32464a14]" name="setUpClass" is-config="true" duration-ms="44" started-at="2021-08-05T08:38:40 IST" finished-at="2021-08-05T08:38:40 IST">
          <reporter-output>
          </reporter-output>
        </test-method> <!-- setUpClass -->
        <test-method status="PASS" signature="runScenario(io.cucumber.testng.PickleWrapper,io.cucumber.testng.FeatureWrapper)[pri:0, instance:Testsuit.dropdowntest@32464a14]" name="runScenario" duration-ms="63875" started-at="2021-08-05T08:38:40 IST" description="Runs Cucumber Scenarios" data-provider="scenarios" finished-at="2021-08-05T08:39:43 IST">
          <params>
            <param index="0">
              <value>
                <![CDATA["Navigate to Industry dropdown"]]>
              </value>
            </param>
            <param index="1">
              <value>
                <![CDATA["Optional[validate dropdownvalues of Industries]"]]>
              </value>
            </param>
          </params>
          <reporter-output>
          </reporter-output>
        </test-method> <!-- runScenario -->
        <test-method status="PASS" signature="runScenario(io.cucumber.testng.PickleWrapper,io.cucumber.testng.FeatureWrapper)[pri:0, instance:Testsuit.dropdowntest@32464a14]" name="runScenario" duration-ms="19" started-at="2021-08-05T08:39:43 IST" description="Runs Cucumber Scenarios" data-provider="scenarios" finished-at="2021-08-05T08:39:44 IST">
          <params>
            <param index="0">
              <value>
                <![CDATA["Navigate to Leadsource"]]>
              </value>
            </param>
            <param index="1">
              <value>
                <![CDATA["Optional[validate dropdownvalues of Industries]"]]>
              </value>
            </param>
          </params>
          <reporter-output>
          </reporter-output>
        </test-method> <!-- runScenario -->
        <test-method status="PASS" signature="tearDownClass()[pri:0, instance:Testsuit.dropdowntest@32464a14]" name="tearDownClass" is-config="true" duration-ms="35" started-at="2021-08-05T08:39:44 IST" finished-at="2021-08-05T08:39:44 IST">
          <reporter-output>
          </reporter-output>
        </test-method> <!-- tearDownClass -->
      </class> <!-- Testsuit.dropdowntest -->
      <class name="Testsuit.leadTest">
        <test-method status="PASS" signature="setUpClass()[pri:0, instance:Testsuit.leadTest@7181ae3f]" name="setUpClass" is-config="true" duration-ms="105" started-at="2021-08-05T08:31:07 IST" finished-at="2021-08-05T08:31:07 IST">
          <reporter-output>
          </reporter-output>
        </test-method> <!-- setUpClass -->
        <test-method status="PASS" signature="runScenario(io.cucumber.testng.PickleWrapper,io.cucumber.testng.FeatureWrapper)[pri:0, instance:Testsuit.leadTest@7181ae3f]" name="runScenario" duration-ms="16607" started-at="2021-08-05T08:31:07 IST" description="Runs Cucumber Scenarios" data-provider="scenarios" finished-at="2021-08-05T08:31:24 IST">
          <params>
            <param index="0">
              <value>
                <![CDATA["Check the new lead button"]]>
              </value>
            </param>
            <param index="1">
              <value>
                <![CDATA["Optional[Create new lead]"]]>
              </value>
            </param>
          </params>
          <reporter-output>
          </reporter-output>
        </test-method> <!-- runScenario -->
        <test-method status="PASS" signature="runScenario(io.cucumber.testng.PickleWrapper,io.cucumber.testng.FeatureWrapper)[pri:0, instance:Testsuit.leadTest@7181ae3f]" name="runScenario" duration-ms="24382" started-at="2021-08-05T08:31:24 IST" description="Runs Cucumber Scenarios" data-provider="scenarios" finished-at="2021-08-05T08:31:48 IST">
          <params>
            <param index="0">
              <value>
                <![CDATA["Fill the new lead"]]>
              </value>
            </param>
            <param index="1">
              <value>
                <![CDATA["Optional[Create new lead]"]]>
              </value>
            </param>
          </params>
          <reporter-output>
          </reporter-output>
        </test-method> <!-- runScenario -->
        <test-method status="PASS" signature="runScenario(io.cucumber.testng.PickleWrapper,io.cucumber.testng.FeatureWrapper)[pri:0, instance:Testsuit.leadTest@7181ae3f]" name="runScenario" duration-ms="25206" started-at="2021-08-05T08:31:48 IST" description="Runs Cucumber Scenarios" data-provider="scenarios" finished-at="2021-08-05T08:32:14 IST">
          <params>
            <param index="0">
              <value>
                <![CDATA["Fill the new lead"]]>
              </value>
            </param>
            <param index="1">
              <value>
                <![CDATA["Optional[Create new lead]"]]>
              </value>
            </param>
          </params>
          <reporter-output>
          </reporter-output>
        </test-method> <!-- runScenario -->
        <test-method status="PASS" signature="runScenario(io.cucumber.testng.PickleWrapper,io.cucumber.testng.FeatureWrapper)[pri:0, instance:Testsuit.leadTest@7181ae3f]" name="runScenario" duration-ms="24519" started-at="2021-08-05T08:32:14 IST" description="Runs Cucumber Scenarios" data-provider="scenarios" finished-at="2021-08-05T08:32:38 IST">
          <params>
            <param index="0">
              <value>
                <![CDATA["Edit the new lead form"]]>
              </value>
            </param>
            <param index="1">
              <value>
                <![CDATA["Optional[Create new lead]"]]>
              </value>
            </param>
          </params>
          <reporter-output>
          </reporter-output>
        </test-method> <!-- runScenario -->
        <test-method status="PASS" signature="runScenario(io.cucumber.testng.PickleWrapper,io.cucumber.testng.FeatureWrapper)[pri:0, instance:Testsuit.leadTest@7181ae3f]" name="runScenario" duration-ms="8942" started-at="2021-08-05T08:32:38 IST" description="Runs Cucumber Scenarios" data-provider="scenarios" finished-at="2021-08-05T08:32:47 IST">
          <params>
            <param index="0">
              <value>
                <![CDATA["Fill the edit form"]]>
              </value>
            </param>
            <param index="1">
              <value>
                <![CDATA["Optional[Create new lead]"]]>
              </value>
            </param>
          </params>
          <reporter-output>
          </reporter-output>
        </test-method> <!-- runScenario -->
        <test-method status="PASS" signature="runScenario(io.cucumber.testng.PickleWrapper,io.cucumber.testng.FeatureWrapper)[pri:0, instance:Testsuit.leadTest@7181ae3f]" name="runScenario" duration-ms="6223" started-at="2021-08-05T08:32:47 IST" description="Runs Cucumber Scenarios" data-provider="scenarios" finished-at="2021-08-05T08:32:53 IST">
          <params>
            <param index="0">
              <value>
                <![CDATA["convert lead to contact"]]>
              </value>
            </param>
            <param index="1">
              <value>
                <![CDATA["Optional[Create new lead]"]]>
              </value>
            </param>
          </params>
          <reporter-output>
          </reporter-output>
        </test-method> <!-- runScenario -->
        <test-method status="PASS" signature="tearDownClass()[pri:0, instance:Testsuit.leadTest@7181ae3f]" name="tearDownClass" is-config="true" duration-ms="43" started-at="2021-08-05T08:32:53 IST" finished-at="2021-08-05T08:32:53 IST">
          <reporter-output>
          </reporter-output>
        </test-method> <!-- tearDownClass -->
      </class> <!-- Testsuit.leadTest -->
      <class name="Testsuit.webtoleadformtest">
        <test-method status="PASS" signature="setUpClass()[pri:0, instance:Testsuit.webtoleadformtest@4e4aea35]" name="setUpClass" is-config="true" duration-ms="43" started-at="2021-08-05T08:39:44 IST" finished-at="2021-08-05T08:39:44 IST">
          <reporter-output>
          </reporter-output>
        </test-method> <!-- setUpClass -->
        <test-method status="PASS" signature="runScenario(io.cucumber.testng.PickleWrapper,io.cucumber.testng.FeatureWrapper)[pri:0, instance:Testsuit.webtoleadformtest@4e4aea35]" name="runScenario" duration-ms="15513" started-at="2021-08-05T08:39:44 IST" description="Runs Cucumber Scenarios" data-provider="scenarios" finished-at="2021-08-05T08:39:59 IST">
          <params>
            <param index="0">
              <value>
                <![CDATA["add values to webtoleadform"]]>
              </value>
            </param>
            <param index="1">
              <value>
                <![CDATA["Optional[webtoLead form]"]]>
              </value>
            </param>
          </params>
          <reporter-output>
          </reporter-output>
        </test-method> <!-- runScenario -->
        <test-method status="PASS" signature="tearDownClass()[pri:0, instance:Testsuit.webtoleadformtest@4e4aea35]" name="tearDownClass" is-config="true" duration-ms="47" started-at="2021-08-05T08:39:59 IST" finished-at="2021-08-05T08:39:59 IST">
          <reporter-output>
          </reporter-output>
        </test-method> <!-- tearDownClass -->
      </class> <!-- Testsuit.webtoleadformtest -->
      <class name="Testsuit.importest">
        <test-method status="PASS" signature="setUpClass()[pri:0, instance:Testsuit.importest@6e2c9341]" name="setUpClass" is-config="true" duration-ms="67" started-at="2021-08-05T08:37:30 IST" finished-at="2021-08-05T08:37:30 IST">
          <reporter-output>
          </reporter-output>
        </test-method> <!-- setUpClass -->
        <test-method status="PASS" signature="runScenario(io.cucumber.testng.PickleWrapper,io.cucumber.testng.FeatureWrapper)[pri:0, instance:Testsuit.importest@6e2c9341]" name="runScenario" duration-ms="69369" started-at="2021-08-05T08:37:30 IST" description="Runs Cucumber Scenarios" data-provider="scenarios" finished-at="2021-08-05T08:38:40 IST">
          <params>
            <param index="0">
              <value>
                <![CDATA["click on import"]]>
              </value>
            </param>
            <param index="1">
              <value>
                <![CDATA["Optional[import data to lead]"]]>
              </value>
            </param>
          </params>
          <reporter-output>
          </reporter-output>
        </test-method> <!-- runScenario -->
        <test-method status="PASS" signature="tearDownClass()[pri:0, instance:Testsuit.importest@6e2c9341]" name="tearDownClass" is-config="true" duration-ms="27" started-at="2021-08-05T08:38:40 IST" finished-at="2021-08-05T08:38:40 IST">
          <reporter-output>
          </reporter-output>
        </test-method> <!-- tearDownClass -->
      </class> <!-- Testsuit.importest -->
      <class name="Testsuit.webtoleadtest">
        <test-method status="PASS" signature="setUpClass()[pri:0, instance:Testsuit.webtoleadtest@46238e3f]" name="setUpClass" is-config="true" duration-ms="60" started-at="2021-08-05T08:32:53 IST" finished-at="2021-08-05T08:32:53 IST">
          <reporter-output>
          </reporter-output>
        </test-method> <!-- setUpClass -->
        <test-method status="PASS" signature="runScenario(io.cucumber.testng.PickleWrapper,io.cucumber.testng.FeatureWrapper)[pri:0, instance:Testsuit.webtoleadtest@46238e3f]" name="runScenario" duration-ms="57773" started-at="2021-08-05T08:32:53 IST" description="Runs Cucumber Scenarios" data-provider="scenarios" finished-at="2021-08-05T08:33:51 IST">
          <params>
            <param index="0">
              <value>
                <![CDATA["Title of your enter setup"]]>
              </value>
            </param>
            <param index="1">
              <value>
                <![CDATA["Optional[Title convert web-to-lead]"]]>
              </value>
            </param>
          </params>
          <reporter-output>
          </reporter-output>
        </test-method> <!-- runScenario -->
        <test-method status="PASS" signature="runScenario(io.cucumber.testng.PickleWrapper,io.cucumber.testng.FeatureWrapper)[pri:0, instance:Testsuit.webtoleadtest@46238e3f]" name="runScenario" duration-ms="56585" started-at="2021-08-05T08:33:51 IST" description="Runs Cucumber Scenarios" data-provider="scenarios" finished-at="2021-08-05T08:34:48 IST">
          <params>
            <param index="0">
              <value>
                <![CDATA["Title of your web-to-lead"]]>
              </value>
            </param>
            <param index="1">
              <value>
                <![CDATA["Optional[Title convert web-to-lead]"]]>
              </value>
            </param>
          </params>
          <reporter-output>
          </reporter-output>
        </test-method> <!-- runScenario -->
        <test-method status="PASS" signature="runScenario(io.cucumber.testng.PickleWrapper,io.cucumber.testng.FeatureWrapper)[pri:0, instance:Testsuit.webtoleadtest@46238e3f]" name="runScenario" duration-ms="27590" started-at="2021-08-05T08:34:48 IST" description="Runs Cucumber Scenarios" data-provider="scenarios" finished-at="2021-08-05T08:35:15 IST">
          <params>
            <param index="0">
              <value>
                <![CDATA["Title of your edit"]]>
              </value>
            </param>
            <param index="1">
              <value>
                <![CDATA["Optional[Title convert web-to-lead]"]]>
              </value>
            </param>
          </params>
          <reporter-output>
          </reporter-output>
        </test-method> <!-- runScenario -->
        <test-method status="PASS" signature="runScenario(io.cucumber.testng.PickleWrapper,io.cucumber.testng.FeatureWrapper)[pri:0, instance:Testsuit.webtoleadtest@46238e3f]" name="runScenario" duration-ms="10581" started-at="2021-08-05T08:35:15 IST" description="Runs Cucumber Scenarios" data-provider="scenarios" finished-at="2021-08-05T08:35:26 IST">
          <params>
            <param index="0">
              <value>
                <![CDATA["Title of your create Webtoleadform"]]>
              </value>
            </param>
            <param index="1">
              <value>
                <![CDATA["Optional[Title convert web-to-lead]"]]>
              </value>
            </param>
          </params>
          <reporter-output>
          </reporter-output>
        </test-method> <!-- runScenario -->
        <test-method status="PASS" signature="runScenario(io.cucumber.testng.PickleWrapper,io.cucumber.testng.FeatureWrapper)[pri:0, instance:Testsuit.webtoleadtest@46238e3f]" name="runScenario" duration-ms="65509" started-at="2021-08-05T08:35:26 IST" description="Runs Cucumber Scenarios" data-provider="scenarios" finished-at="2021-08-05T08:36:31 IST">
          <params>
            <param index="0">
              <value>
                <![CDATA["select all items"]]>
              </value>
            </param>
            <param index="1">
              <value>
                <![CDATA["Optional[Title convert web-to-lead]"]]>
              </value>
            </param>
          </params>
          <reporter-output>
          </reporter-output>
        </test-method> <!-- runScenario -->
        <test-method status="PASS" signature="runScenario(io.cucumber.testng.PickleWrapper,io.cucumber.testng.FeatureWrapper)[pri:0, instance:Testsuit.webtoleadtest@46238e3f]" name="runScenario" duration-ms="58588" started-at="2021-08-05T08:36:31 IST" description="Runs Cucumber Scenarios" data-provider="scenarios" finished-at="2021-08-05T08:37:30 IST">
          <params>
            <param index="0">
              <value>
                <![CDATA["copy to notepad"]]>
              </value>
            </param>
            <param index="1">
              <value>
                <![CDATA["Optional[Title convert web-to-lead]"]]>
              </value>
            </param>
          </params>
          <reporter-output>
          </reporter-output>
        </test-method> <!-- runScenario -->
        <test-method status="PASS" signature="tearDownClass()[pri:0, instance:Testsuit.webtoleadtest@46238e3f]" name="tearDownClass" is-config="true" duration-ms="62" started-at="2021-08-05T08:37:30 IST" finished-at="2021-08-05T08:37:30 IST">
          <reporter-output>
          </reporter-output>
        </test-method> <!-- tearDownClass -->
      </class> <!-- Testsuit.webtoleadtest -->
      <class name="base.Base">
        <test-method status="PASS" signature="setUp()[pri:0, instance:base.Base@70a9f84e]" name="setUp" is-config="true" duration-ms="4864" started-at="2021-08-05T08:30:47 IST" finished-at="2021-08-05T08:30:52 IST">
          <reporter-output>
          </reporter-output>
        </test-method> <!-- setUp -->
        <test-method status="PASS" signature="teadDown()[pri:0, instance:base.Base@70a9f84e]" name="teadDown" is-config="true" duration-ms="699" started-at="2021-08-05T08:39:59 IST" finished-at="2021-08-05T08:40:00 IST">
          <reporter-output>
          </reporter-output>
        </test-method> <!-- teadDown -->
      </class> <!-- base.Base -->
      <class name="Testsuit.LoginTest">
        <test-method status="PASS" signature="setUpClass()[pri:0, instance:Testsuit.LoginTest@77a57272]" name="setUpClass" is-config="true" duration-ms="823" started-at="2021-08-05T08:30:52 IST" finished-at="2021-08-05T08:30:52 IST">
          <reporter-output>
          </reporter-output>
        </test-method> <!-- setUpClass -->
        <test-method status="PASS" signature="runScenario(io.cucumber.testng.PickleWrapper,io.cucumber.testng.FeatureWrapper)[pri:0, instance:Testsuit.LoginTest@77a57272]" name="runScenario" duration-ms="14493" started-at="2021-08-05T08:30:53 IST" description="Runs Cucumber Scenarios" data-provider="scenarios" finished-at="2021-08-05T08:31:07 IST">
          <params>
            <param index="0">
              <value>
                <![CDATA["Login into SalesForce"]]>
              </value>
            </param>
            <param index="1">
              <value>
                <![CDATA["Optional[check the Login]"]]>
              </value>
            </param>
          </params>
          <reporter-output>
          </reporter-output>
        </test-method> <!-- runScenario -->
        <test-method status="PASS" signature="tearDownClass()[pri:0, instance:Testsuit.LoginTest@77a57272]" name="tearDownClass" is-config="true" duration-ms="97" started-at="2021-08-05T08:31:07 IST" finished-at="2021-08-05T08:31:07 IST">
          <reporter-output>
          </reporter-output>
        </test-method> <!-- tearDownClass -->
      </class> <!-- Testsuit.LoginTest -->
    </test> <!-- Test -->
  </suite> <!-- Suite -->
</testng-results>
